Using pre-set license
Built from '2020.3/release' branch; Version is '2020.3.15f2 (6cf78cb77498) revision 7141260'; Using compiler version '192528614'; Build Type 'Release'
OS: 'Windows 10 Home; OS build 19043.1237; Version 2009; 64bit' Language: 'en' Physical Memory: 16290 MB
BatchMode: 1, IsHumanControllingUs: 0, StartBugReporterOnCrash: 0, Is64bit: 1, IsPro: 0

 COMMAND LINE ARGUMENTS:
C:\Program Files\Unity\Hub\Editor\2020.3.15f2\Editor\Unity.exe
-adb2
-batchMode
-noUpm
-name
AssetImportWorker0
-projectPath
C:/Users/lubba/Desktop/coding/SoulShardUtilities
-logFile
Logs/AssetImportWorker0.log
-srvPort
54424
Successfully changed project path to: C:/Users/lubba/Desktop/coding/SoulShardUtilities
C:/Users/lubba/Desktop/coding/SoulShardUtilities
Using Asset Import Pipeline V2.
Refreshing native plugins compatible for Editor in 43.03 ms, found 3 plugins.
Preloading 0 native plugins for Editor in 0.00 ms.
Initialize engine version: 2020.3.15f2 (6cf78cb77498)
[Subsystems] Discovering subsystems at path C:/Program Files/Unity/Hub/Editor/2020.3.15f2/Editor/Data/Resources/UnitySubsystems
[Subsystems] Discovering subsystems at path C:/Users/lubba/Desktop/coding/SoulShardUtilities/Assets
GfxDevice: creating device client; threaded=0
Direct3D:
    Version:  Direct3D 11.0 [level 11.1]
    Renderer: NVIDIA GeForce RTX 2060 SUPER (ID=0x1f06)
    Vendor:   
    VRAM:     8031 MB
    Driver:   27.21.14.5671
Initialize mono
Mono path[0] = 'C:/Program Files/Unity/Hub/Editor/2020.3.15f2/Editor/Data/Managed'
Mono path[1] = 'C:/Program Files/Unity/Hub/Editor/2020.3.15f2/Editor/Data/MonoBleedingEdge/lib/mono/unityjit'
Mono config path = 'C:/Program Files/Unity/Hub/Editor/2020.3.15f2/Editor/Data/MonoBleedingEdge/etc'
Using monoOptions --debugger-agent=transport=dt_socket,embedding=1,server=y,suspend=n,address=127.0.0.1:56296
Begin MonoManager ReloadAssembly
Registering precompiled unity dll's ...
Register platform support module: C:/Program Files/Unity/Hub/Editor/2020.3.15f2/Editor/Data/PlaybackEngines/WebGLSupport/UnityEditor.WebGL.Extensions.dll
Register platform support module: C:/Program Files/Unity/Hub/Editor/2020.3.15f2/Editor/Data/PlaybackEngines/MacStandaloneSupport/UnityEditor.OSXStandalone.Extensions.dll
Register platform support module: C:/Program Files/Unity/Hub/Editor/2020.3.15f2/Editor/Data/PlaybackEngines/WindowsStandaloneSupport/UnityEditor.WindowsStandalone.Extensions.dll
Register platform support module: C:/Program Files/Unity/Hub/Editor/2020.3.15f2/Editor/Data/PlaybackEngines/LinuxStandaloneSupport/UnityEditor.LinuxStandalone.Extensions.dll
Registered in 0.002895 seconds.
Native extension for LinuxStandalone target not found
Native extension for WindowsStandalone target not found
Native extension for OSXStandalone target not found
Native extension for WebGL target not found
Refreshing native plugins compatible for Editor in 51.10 ms, found 3 plugins.
Preloading 0 native plugins for Editor in 0.00 ms.
Mono: successfully reloaded assembly
- Completed reload, in  1.316 seconds
Domain Reload Profiling:
	ReloadAssembly (1316ms)
		BeginReloadAssembly (56ms)
			ExecutionOrderSort (0ms)
			DisableScriptedObjects (0ms)
			BackupInstance (0ms)
			ReleaseScriptingObjects (0ms)
			CreateAndSetChildDomain (1ms)
		EndReloadAssembly (470ms)
			LoadAssemblies (55ms)
			RebuildTransferFunctionScriptingTraits (0ms)
			SetupTypeCache (166ms)
			ReleaseScriptCaches (0ms)
			RebuildScriptCaches (32ms)
			SetupLoadedEditorAssemblies (186ms)
				LogAssemblyErrors (0ms)
				InitializePlatformSupportModulesInManaged (8ms)
				SetLoadedEditorAssemblies (0ms)
				RefreshPlugins (51ms)
				BeforeProcessingInitializeOnLoad (14ms)
				ProcessInitializeOnLoadAttributes (82ms)
				ProcessInitializeOnLoadMethodAttributes (30ms)
				AfterProcessingInitializeOnLoad (0ms)
				EditorAssembliesLoaded (0ms)
			ExecutionOrderSort2 (0ms)
			AwakeInstancesAfterBackupRestoration (0ms)
Platform modules already initialized, skipping
Registering precompiled user dll's ...
Registered in 0.003908 seconds.
Begin MonoManager ReloadAssembly
Native extension for LinuxStandalone target not found
Native extension for WindowsStandalone target not found
Native extension for OSXStandalone target not found
Native extension for WebGL target not found
Refreshing native plugins compatible for Editor in 41.79 ms, found 3 plugins.
Preloading 0 native plugins for Editor in 0.00 ms.
Mono: successfully reloaded assembly
- Completed reload, in  1.244 seconds
Domain Reload Profiling:
	ReloadAssembly (1245ms)
		BeginReloadAssembly (166ms)
			ExecutionOrderSort (0ms)
			DisableScriptedObjects (5ms)
			BackupInstance (0ms)
			ReleaseScriptingObjects (0ms)
			CreateAndSetChildDomain (19ms)
		EndReloadAssembly (1016ms)
			LoadAssemblies (92ms)
			RebuildTransferFunctionScriptingTraits (0ms)
			SetupTypeCache (309ms)
			ReleaseScriptCaches (0ms)
			RebuildScriptCaches (47ms)
			SetupLoadedEditorAssemblies (439ms)
				LogAssemblyErrors (0ms)
				InitializePlatformSupportModulesInManaged (7ms)
				SetLoadedEditorAssemblies (0ms)
				RefreshPlugins (42ms)
				BeforeProcessingInitializeOnLoad (90ms)
				ProcessInitializeOnLoadAttributes (282ms)
				ProcessInitializeOnLoadMethodAttributes (12ms)
				AfterProcessingInitializeOnLoad (7ms)
				EditorAssembliesLoaded (0ms)
			ExecutionOrderSort2 (0ms)
			AwakeInstancesAfterBackupRestoration (6ms)
Platform modules already initialized, skipping
========================================================================
Worker process is ready to serve import requests
Launched and connected shader compiler UnityShaderCompiler.exe after 0.06 seconds
Refreshing native plugins compatible for Editor in 0.39 ms, found 3 plugins.
Preloading 0 native plugins for Editor in 0.00 ms.
Unloading 2098 Unused Serialized files (Serialized files now loaded: 0)
System memory in use before: 93.2 MB.
System memory in use after: 93.2 MB.

Unloading 33 unused Assets to reduce memory usage. Loaded Objects now: 2531.
Total: 2.526700 ms (FindLiveObjects: 0.192600 ms CreateObjectMapping: 0.099600 ms MarkObjects: 2.118000 ms  DeleteObjects: 0.115500 ms)

AssetImportParameters requested are different than current active one (requested -> active):
  custom:framework-win-MediaFoundation: 216162199b28c13a410421893ffa2e32 -> 
  custom:video-decoder-ogg-theora: a1e56fd34408186e4bbccfd4996cb3dc -> 
  custom:container-muxer-webm: aa71ff27fc2769a1b78a27578f13a17b -> 
  custom:container-demuxer-webm: 4f35f7cbe854078d1ac9338744f61a02 -> 
  custom:container-demuxer-ogg: 62fdf1f143b41e24485cea50d1cbac27 -> 
  custom:video-encoder-webm-vp8: eb34c28f22e8b96e1ab97ce403110664 -> 
  custom:video-decoder-webm-vp8: 9c59270c3fd7afecdb556c50c9e8de78 -> 
  custom:audio-decoder-ogg-vorbis: bf7c407c2cedff20999df2af8eb42d56 -> 
  custom:audio-encoder-webm-vorbis: bf7c407c2cedff20999df2af8eb42d56 -> 
========================================================================
Received Import Request.
  path: Assets/Utilities/test.cs
  artifactKey: Guid(a2cce994a7a52d2489435fa6c578b5ae) Importer(815301076,1909f56bfc062723c751e8b465ee728b)
Start importing Assets/Utilities/test.cs using Guid(a2cce994a7a52d2489435fa6c578b5ae) Importer(815301076,1909f56bfc062723c751e8b465ee728b)  -> (artifact id: '599b4a776b78f2722823ae918ca4b573') in 0.024589 seconds 
  Import took 0.027482 seconds .

========================================================================
Received Prepare
Registering precompiled user dll's ...
Registered in 0.003634 seconds.
Begin MonoManager ReloadAssembly
Native extension for LinuxStandalone target not found
Native extension for WindowsStandalone target not found
Native extension for OSXStandalone target not found
Native extension for WebGL target not found
Refreshing native plugins compatible for Editor in 0.39 ms, found 3 plugins.
Preloading 0 native plugins for Editor in 0.00 ms.
Mono: successfully reloaded assembly
- Completed reload, in  1.094 seconds
Domain Reload Profiling:
	ReloadAssembly (1094ms)
		BeginReloadAssembly (114ms)
			ExecutionOrderSort (0ms)
			DisableScriptedObjects (7ms)
			BackupInstance (0ms)
			ReleaseScriptingObjects (0ms)
			CreateAndSetChildDomain (33ms)
		EndReloadAssembly (917ms)
			LoadAssemblies (88ms)
			RebuildTransferFunctionScriptingTraits (0ms)
			SetupTypeCache (290ms)
			ReleaseScriptCaches (1ms)
			RebuildScriptCaches (43ms)
			SetupLoadedEditorAssemblies (389ms)
				LogAssemblyErrors (0ms)
				InitializePlatformSupportModulesInManaged (8ms)
				SetLoadedEditorAssemblies (0ms)
				RefreshPlugins (0ms)
				BeforeProcessingInitializeOnLoad (91ms)
				ProcessInitializeOnLoadAttributes (278ms)
				ProcessInitializeOnLoadMethodAttributes (5ms)
				AfterProcessingInitializeOnLoad (7ms)
				EditorAssembliesLoaded (0ms)
			ExecutionOrderSort2 (0ms)
			AwakeInstancesAfterBackupRestoration (10ms)
Platform modules already initialized, skipping
Refreshing native plugins compatible for Editor in 0.39 ms, found 3 plugins.
Preloading 0 native plugins for Editor in 0.00 ms.
Unloading 2093 Unused Serialized files (Serialized files now loaded: 0)
System memory in use before: 93.2 MB.
System memory in use after: 93.2 MB.

Unloading 21 unused Assets to reduce memory usage. Loaded Objects now: 2535.
Total: 2.467200 ms (FindLiveObjects: 0.150100 ms CreateObjectMapping: 0.080100 ms MarkObjects: 2.144300 ms  DeleteObjects: 0.091600 ms)

AssetImportParameters requested are different than current active one (requested -> active):
  custom:framework-win-MediaFoundation: 216162199b28c13a410421893ffa2e32 -> 
  custom:video-decoder-ogg-theora: a1e56fd34408186e4bbccfd4996cb3dc -> 
  custom:container-muxer-webm: aa71ff27fc2769a1b78a27578f13a17b -> 
  custom:container-demuxer-webm: 4f35f7cbe854078d1ac9338744f61a02 -> 
  custom:container-demuxer-ogg: 62fdf1f143b41e24485cea50d1cbac27 -> 
  custom:video-encoder-webm-vp8: eb34c28f22e8b96e1ab97ce403110664 -> 
  custom:video-decoder-webm-vp8: 9c59270c3fd7afecdb556c50c9e8de78 -> 
  custom:audio-decoder-ogg-vorbis: bf7c407c2cedff20999df2af8eb42d56 -> 
  custom:audio-encoder-webm-vorbis: bf7c407c2cedff20999df2af8eb42d56 -> 
========================================================================
Received Import Request.
  Time since last request: 367.778598 seconds.
  path: Assets/Utilities/test.cs
  artifactKey: Guid(a2cce994a7a52d2489435fa6c578b5ae) Importer(815301076,1909f56bfc062723c751e8b465ee728b)
Start importing Assets/Utilities/test.cs using Guid(a2cce994a7a52d2489435fa6c578b5ae) Importer(815301076,1909f56bfc062723c751e8b465ee728b)  -> (artifact id: '2eaf9db7f81b97a6aa81613582aaac12') in 0.004759 seconds 
  Import took 0.007787 seconds .

========================================================================
Received Prepare
Registering precompiled user dll's ...
Registered in 0.003703 seconds.
Begin MonoManager ReloadAssembly
Native extension for LinuxStandalone target not found
Native extension for WindowsStandalone target not found
Native extension for OSXStandalone target not found
Native extension for WebGL target not found
Refreshing native plugins compatible for Editor in 0.39 ms, found 3 plugins.
Preloading 0 native plugins for Editor in 0.00 ms.
Mono: successfully reloaded assembly
- Completed reload, in  1.094 seconds
Domain Reload Profiling:
	ReloadAssembly (1094ms)
		BeginReloadAssembly (105ms)
			ExecutionOrderSort (0ms)
			DisableScriptedObjects (6ms)
			BackupInstance (0ms)
			ReleaseScriptingObjects (0ms)
			CreateAndSetChildDomain (34ms)
		EndReloadAssembly (924ms)
			LoadAssemblies (87ms)
			RebuildTransferFunctionScriptingTraits (0ms)
			SetupTypeCache (298ms)
			ReleaseScriptCaches (1ms)
			RebuildScriptCaches (43ms)
			SetupLoadedEditorAssemblies (384ms)
				LogAssemblyErrors (0ms)
				InitializePlatformSupportModulesInManaged (8ms)
				SetLoadedEditorAssemblies (0ms)
				RefreshPlugins (0ms)
				BeforeProcessingInitializeOnLoad (92ms)
				ProcessInitializeOnLoadAttributes (272ms)
				ProcessInitializeOnLoadMethodAttributes (5ms)
				AfterProcessingInitializeOnLoad (6ms)
				EditorAssembliesLoaded (0ms)
			ExecutionOrderSort2 (0ms)
			AwakeInstancesAfterBackupRestoration (10ms)
Platform modules already initialized, skipping
Refreshing native plugins compatible for Editor in 0.44 ms, found 3 plugins.
Preloading 0 native plugins for Editor in 0.00 ms.
Unloading 2092 Unused Serialized files (Serialized files now loaded: 0)
System memory in use before: 93.2 MB.
System memory in use after: 93.2 MB.

Unloading 22 unused Assets to reduce memory usage. Loaded Objects now: 2538.
Total: 2.538200 ms (FindLiveObjects: 0.181800 ms CreateObjectMapping: 0.091900 ms MarkObjects: 2.160600 ms  DeleteObjects: 0.102800 ms)

AssetImportParameters requested are different than current active one (requested -> active):
  custom:framework-win-MediaFoundation: 216162199b28c13a410421893ffa2e32 -> 
  custom:video-decoder-ogg-theora: a1e56fd34408186e4bbccfd4996cb3dc -> 
  custom:container-muxer-webm: aa71ff27fc2769a1b78a27578f13a17b -> 
  custom:container-demuxer-webm: 4f35f7cbe854078d1ac9338744f61a02 -> 
  custom:container-demuxer-ogg: 62fdf1f143b41e24485cea50d1cbac27 -> 
  custom:video-encoder-webm-vp8: eb34c28f22e8b96e1ab97ce403110664 -> 
  custom:video-decoder-webm-vp8: 9c59270c3fd7afecdb556c50c9e8de78 -> 
  custom:audio-decoder-ogg-vorbis: bf7c407c2cedff20999df2af8eb42d56 -> 
  custom:audio-encoder-webm-vorbis: bf7c407c2cedff20999df2af8eb42d56 -> 
========================================================================
Received Import Request.
  Time since last request: 17.284074 seconds.
  path: Assets/Utilities/VectorMath.cs
  artifactKey: Guid(388447fcb8fd2e2419f731ff152eee3a) Importer(815301076,1909f56bfc062723c751e8b465ee728b)
Start importing Assets/Utilities/VectorMath.cs using Guid(388447fcb8fd2e2419f731ff152eee3a) Importer(815301076,1909f56bfc062723c751e8b465ee728b)  -> (artifact id: 'b9cedd520389fab9e30984bef2c254af') in 0.010048 seconds 
  Import took 0.014802 seconds .

========================================================================
Received Import Request.
  Time since last request: 0.024319 seconds.
  path: Assets/Utilities/VectorMath.cs
  artifactKey: Guid(388447fcb8fd2e2419f731ff152eee3a) Importer(815301076,1909f56bfc062723c751e8b465ee728b)
Start importing Assets/Utilities/VectorMath.cs using Guid(388447fcb8fd2e2419f731ff152eee3a) Importer(815301076,1909f56bfc062723c751e8b465ee728b)  -> (artifact id: 'b9cedd520389fab9e30984bef2c254af') in 0.002936 seconds 
  Import took 0.006384 seconds .

========================================================================
Received Import Request.
  Time since last request: 0.684452 seconds.
  path: Assets/Utilities/Timer.cs
  artifactKey: Guid(98ff35857c5a40169abad2b84bcbe450) Importer(815301076,1909f56bfc062723c751e8b465ee728b)
Start importing Assets/Utilities/Timer.cs using Guid(98ff35857c5a40169abad2b84bcbe450) Importer(815301076,1909f56bfc062723c751e8b465ee728b)  -> (artifact id: '2851a5d4fadfa3adfc2593dfce75e391') in 0.006816 seconds 
  Import took 0.009922 seconds .

========================================================================
Received Import Request.
  Time since last request: 0.001987 seconds.
  path: Assets/Utilities/Timer.cs
  artifactKey: Guid(98ff35857c5a40169abad2b84bcbe450) Importer(815301076,1909f56bfc062723c751e8b465ee728b)
Start importing Assets/Utilities/Timer.cs using Guid(98ff35857c5a40169abad2b84bcbe450) Importer(815301076,1909f56bfc062723c751e8b465ee728b)  -> (artifact id: '2851a5d4fadfa3adfc2593dfce75e391') in 0.002156 seconds 
  Import took 0.004974 seconds .

========================================================================
Received Import Request.
  Time since last request: 0.337292 seconds.
  path: Assets/Utilities/Gizmos Help.cs
  artifactKey: Guid(a0d22732e74df9047bfa54154fb57f7f) Importer(815301076,1909f56bfc062723c751e8b465ee728b)
Start importing Assets/Utilities/Gizmos Help.cs using Guid(a0d22732e74df9047bfa54154fb57f7f) Importer(815301076,1909f56bfc062723c751e8b465ee728b)  -> (artifact id: 'e5e1dbc6fd75289149e31e966d6534d0') in 0.007333 seconds 
  Import took 0.012331 seconds .

========================================================================
Received Import Request.
  Time since last request: 0.481647 seconds.
  path: Assets/Utilities/GeneralFunctions.cs
  artifactKey: Guid(cf861f1b50d84c847bd7a7e682bffba5) Importer(815301076,1909f56bfc062723c751e8b465ee728b)
Start importing Assets/Utilities/GeneralFunctions.cs using Guid(cf861f1b50d84c847bd7a7e682bffba5) Importer(815301076,1909f56bfc062723c751e8b465ee728b)  -> (artifact id: '1efed2950831b2d780881893f601aa67') in 0.006029 seconds 
  Import took 0.009099 seconds .

========================================================================
Received Import Request.
  Time since last request: 0.000811 seconds.
  path: Assets/Utilities/GeneralFunctions.cs
  artifactKey: Guid(cf861f1b50d84c847bd7a7e682bffba5) Importer(815301076,1909f56bfc062723c751e8b465ee728b)
Start importing Assets/Utilities/GeneralFunctions.cs using Guid(cf861f1b50d84c847bd7a7e682bffba5) Importer(815301076,1909f56bfc062723c751e8b465ee728b)  -> (artifact id: '1efed2950831b2d780881893f601aa67') in 0.002565 seconds 
  Import took 0.005725 seconds .

========================================================================
Received Import Request.
  Time since last request: 0.688129 seconds.
  path: Assets/Utilities/GeneralConstants.cs
  artifactKey: Guid(83b6ee71154f2ac49983e8ae654fcaee) Importer(815301076,1909f56bfc062723c751e8b465ee728b)
Start importing Assets/Utilities/GeneralConstants.cs using Guid(83b6ee71154f2ac49983e8ae654fcaee) Importer(815301076,1909f56bfc062723c751e8b465ee728b)  -> (artifact id: '2ab586f12360c7b5882871d2136b9c61') in 0.006308 seconds 
  Import took 0.009553 seconds .

========================================================================
Received Import Request.
  Time since last request: 0.752394 seconds.
  path: Assets/Utilities/ColorEditing.cs
  artifactKey: Guid(91ca1e097a78aae4d92138445ea3eda9) Importer(815301076,1909f56bfc062723c751e8b465ee728b)
Start importing Assets/Utilities/ColorEditing.cs using Guid(91ca1e097a78aae4d92138445ea3eda9) Importer(815301076,1909f56bfc062723c751e8b465ee728b)  -> (artifact id: '4f3a82a189c486958f358c18b70d14c2') in 0.005568 seconds 
  Import took 0.008375 seconds .

========================================================================
Received Import Request.
  Time since last request: 0.000292 seconds.
  path: Assets/Utilities/ColorEditing.cs
  artifactKey: Guid(91ca1e097a78aae4d92138445ea3eda9) Importer(815301076,1909f56bfc062723c751e8b465ee728b)
Start importing Assets/Utilities/ColorEditing.cs using Guid(91ca1e097a78aae4d92138445ea3eda9) Importer(815301076,1909f56bfc062723c751e8b465ee728b)  -> (artifact id: '4f3a82a189c486958f358c18b70d14c2') in 0.002746 seconds 
  Import took 0.005765 seconds .

========================================================================
Received Import Request.
  Time since last request: 0.572857 seconds.
  path: Assets/Utilities/AnimatorController.cs
  artifactKey: Guid(dee5bdbab56f88348ac97201dac5935d) Importer(815301076,1909f56bfc062723c751e8b465ee728b)
Start importing Assets/Utilities/AnimatorController.cs using Guid(dee5bdbab56f88348ac97201dac5935d) Importer(815301076,1909f56bfc062723c751e8b465ee728b)  -> (artifact id: '0a6051b9f4ccbd7f0418a6de8b1945e2') in 0.006505 seconds 
  Import took 0.009403 seconds .

